TN:
SF:src/modules/users/services/AuthenticateUserService.ts
FN:24,(anonymous_5)
FN:35,(anonymous_6)
FNF:2
FNH:2
FNDA:3,(anonymous_5)
FNDA:3,(anonymous_6)
DA:1,1
DA:3,1
DA:5,1
DA:23,1
DA:26,3
DA:29,3
DA:32,3
DA:36,3
DA:38,3
DA:39,1
DA:42,2
DA:47,2
DA:48,1
DA:51,1
DA:53,1
DA:58,1
DA:65,1
LF:17
LH:17
BRDA:38,0,0,1
BRDA:38,0,1,2
BRDA:47,1,0,1
BRDA:47,1,1,1
BRF:4
BRH:4
end_of_record
TN:
SF:src/modules/users/services/CreateUserService.ts
FN:14,(anonymous_5)
FN:22,(anonymous_6)
FNF:2
FNH:2
FNDA:5,(anonymous_5)
FNDA:4,(anonymous_6)
DA:1,2
DA:3,2
DA:13,2
DA:16,5
DA:19,5
DA:23,4
DA:25,4
DA:27,4
DA:29,3
DA:31,3
DA:36,3
LF:11
LH:11
BRDA:27,0,0,1
BRDA:27,0,1,3
BRF:2
BRH:2
end_of_record
TN:
SF:src/modules/users/services/DeleteUserService.ts
FN:8,(anonymous_5)
FN:13,(anonymous_6)
FNF:2
FNH:2
FNDA:2,(anonymous_5)
FNDA:2,(anonymous_6)
DA:1,1
DA:3,1
DA:7,1
DA:10,2
DA:14,2
DA:16,2
DA:18,1
LF:7
LH:7
BRDA:16,0,0,1
BRDA:16,0,1,1
BRF:2
BRH:2
end_of_record
TN:
SF:src/modules/users/services/FindUserByIdService.ts
FN:10,(anonymous_5)
FN:15,(anonymous_6)
FNF:2
FNH:2
FNDA:2,(anonymous_5)
FNDA:2,(anonymous_6)
DA:1,1
DA:2,1
DA:9,1
DA:12,2
DA:16,2
DA:18,2
DA:20,1
LF:7
LH:7
BRDA:18,0,0,1
BRDA:18,0,1,1
BRF:2
BRH:2
end_of_record
TN:
SF:src/modules/users/services/UpdateUserService.ts
FN:12,(anonymous_5)
FN:19,(anonymous_6)
FNF:2
FNH:2
FNDA:5,(anonymous_5)
FNDA:5,(anonymous_6)
DA:1,1
DA:3,1
DA:11,1
DA:14,5
DA:16,5
DA:23,5
DA:25,5
DA:27,5
DA:29,4
DA:30,3
DA:32,3
DA:33,1
DA:36,3
DA:37,2
DA:39,2
DA:44,2
DA:45,1
DA:47,1
DA:50,2
DA:52,2
DA:54,2
LF:21
LH:21
BRDA:27,0,0,1
BRDA:27,0,1,4
BRDA:29,1,0,3
BRDA:29,1,1,1
BRDA:32,2,0,1
BRDA:32,2,1,2
BRDA:32,3,0,3
BRDA:32,3,1,2
BRDA:36,4,0,2
BRDA:36,4,1,1
BRDA:36,5,0,3
BRDA:36,5,1,2
BRDA:44,6,0,1
BRDA:44,6,1,1
BRF:14
BRH:14
end_of_record
