TN:
SF:src/modules/user/services/CreateUserService.ts
FN:14,(anonymous_5)
FN:22,(anonymous_6)
FNF:2
FNH:2
FNDA:2,(anonymous_5)
FNDA:2,(anonymous_6)
DA:1,1
DA:3,1
DA:13,1
DA:16,2
DA:19,2
DA:23,2
DA:25,2
DA:27,2
DA:29,1
DA:31,1
DA:36,1
LF:11
LH:11
BRDA:27,0,0,1
BRDA:27,0,1,1
BRF:2
BRH:2
end_of_record
TN:
SF:src/modules/user/services/FindUserByIdService.ts
FN:10,(anonymous_5)
FN:15,(anonymous_6)
FNF:2
FNH:2
FNDA:2,(anonymous_5)
FNDA:2,(anonymous_6)
DA:1,1
DA:2,1
DA:9,1
DA:12,2
DA:16,2
DA:18,2
DA:20,1
LF:7
LH:7
BRDA:18,0,0,1
BRDA:18,0,1,1
BRF:2
BRH:2
end_of_record
TN:
SF:src/modules/user/services/SaveUserService.ts
FN:12,(anonymous_5)
FN:19,(anonymous_6)
FNF:2
FNH:2
FNDA:5,(anonymous_5)
FNDA:5,(anonymous_6)
DA:1,1
DA:3,1
DA:11,1
DA:14,5
DA:16,5
DA:20,5
DA:22,5
DA:24,5
DA:26,4
DA:27,3
DA:29,3
DA:30,1
DA:33,3
DA:34,2
DA:36,2
DA:41,2
DA:42,1
DA:44,1
DA:47,2
DA:49,2
LF:20
LH:20
BRDA:24,0,0,1
BRDA:24,0,1,4
BRDA:26,1,0,3
BRDA:26,1,1,1
BRDA:29,2,0,1
BRDA:29,2,1,2
BRDA:29,3,0,3
BRDA:29,3,1,2
BRDA:33,4,0,2
BRDA:33,4,1,1
BRDA:33,5,0,3
BRDA:33,5,1,2
BRDA:41,6,0,1
BRDA:41,6,1,1
BRF:14
BRH:14
end_of_record
